2026-05-10 22:27:41 Loaded main app package /usr/lib/obsidian/obsidian.asar
2026-05-10 22:27:41 Checking for update using Github
2026-05-10 22:27:41 Success.
2026-05-10 22:27:41 Latest version is 1.12.7
2026-05-10 22:27:41 App is up to date.
2026-05-10 22:33:30 Loaded main app package /usr/lib/obsidian/obsidian.asar
2026-05-10 22:33:30 Checking for update using Github
2026-05-10 22:33:30 Success.
2026-05-10 22:33:30 Latest version is 1.12.7
2026-05-10 22:33:30 App is up to date.
2026-05-10 22:33:58 Checking for update using Github
2026-05-10 22:33:58 Success.
2026-05-10 22:33:58 Latest version is 1.12.7
2026-05-10 22:33:58 App is up to date.
2026-05-10 23:01:58 Loaded main app package /usr/lib/obsidian/obsidian.asar
2026-05-10 23:01:58 Checking for update using Github
2026-05-10 23:01:58 Success.
2026-05-10 23:01:58 Latest version is 1.12.7
2026-05-10 23:01:58 App is up to date.
2026-05-10 23:03:02 Loaded main app package /usr/lib/obsidian/obsidian.asar
2026-05-10 23:03:02 Checking for update using Github
2026-05-10 23:03:02 Success.
2026-05-10 23:03:02 Latest version is 1.12.7
2026-05-10 23:03:02 App is up to date.
2026-05-11 00:03:02 Checking for update using Github
2026-05-11 00:03:02 Success.
2026-05-11 00:03:02 Latest version is 1.12.7
2026-05-11 00:03:02 App is up to date.
2026-05-11 01:03:02 Checking for update using Github
2026-05-11 01:03:02 Success.
2026-05-11 01:03:02 Latest version is 1.12.7
2026-05-11 01:03:02 App is up to date.
2026-05-11 01:55:47 Loaded main app package /usr/lib/obsidian/obsidian.asar
2026-05-11 01:55:47 Checking for update using Github
2026-05-11 01:55:47 Success.
2026-05-11 01:55:47 Latest version is 1.12.7
2026-05-11 01:55:47 App is up to date.
2026-05-11 02:50:59 Loaded main app package /usr/lib/obsidian/obsidian.asar
2026-05-11 02:51:00 Checking for update using Github
2026-05-11 02:51:00 Success.
2026-05-11 02:51:00 Latest version is 1.12.7
2026-05-11 02:51:00 App is up to date.
2026-05-11 03:50:59 Checking for update using Github
2026-05-11 03:51:00 Success.
2026-05-11 03:51:00 Latest version is 1.12.7
2026-05-11 03:51:00 App is up to date.
2026-05-11 10:36:09 Checking for update using Github
2026-05-11 10:36:09 Success.
2026-05-11 10:36:09 Latest version is 1.12.7
2026-05-11 10:36:09 App is up to date.
2026-05-11 11:36:09 Checking for update using Github
2026-05-11 11:36:09 Success.
2026-05-11 11:36:09 Latest version is 1.12.7
2026-05-11 11:36:09 App is up to date.
2026-05-11 12:36:09 Checking for update using Github
2026-05-11 12:36:10 Success.
2026-05-11 12:36:10 Latest version is 1.12.7
2026-05-11 12:36:10 App is up to date.
2026-05-11 13:36:10 Checking for update using Github
2026-05-11 13:36:10 Success.
2026-05-11 13:36:10 Latest version is 1.12.7
2026-05-11 13:36:10 App is up to date.
2026-05-11 14:36:10 Checking for update using Github
2026-05-11 14:36:10 Success.
2026-05-11 14:36:10 Latest version is 1.12.7
2026-05-11 14:36:10 App is up to date.
2026-05-11 15:36:10 Checking for update using Github
2026-05-11 15:36:10 Success.
2026-05-11 15:36:10 Latest version is 1.12.7
2026-05-11 15:36:10 App is up to date.
2026-05-11 16:36:10 Checking for update using Github
2026-05-11 16:36:10 Success.
2026-05-11 16:36:10 Latest version is 1.12.7
2026-05-11 16:36:10 App is up to date.
2026-05-11 17:36:10 Checking for update using Github
2026-05-11 17:36:10 Success.
2026-05-11 17:36:10 Latest version is 1.12.7
2026-05-11 17:36:10 App is up to date.
2026-05-11 18:36:10 Checking for update using Github
2026-05-11 18:36:10 Success.
2026-05-11 18:36:10 Latest version is 1.12.7
2026-05-11 18:36:10 App is up to date.
2026-05-11 19:36:10 Checking for update using Github
2026-05-11 19:36:10 Success.
2026-05-11 19:36:10 Latest version is 1.12.7
2026-05-11 19:36:10 App is up to date.
2026-05-11 20:36:10 Checking for update using Github
2026-05-11 20:36:10 Success.
2026-05-11 20:36:10 Latest version is 1.12.7
2026-05-11 20:36:10 App is up to date.
2026-05-11 21:36:10 Checking for update using Github
2026-05-11 21:36:10 Success.
2026-05-11 21:36:10 Latest version is 1.12.7
2026-05-11 21:36:10 App is up to date.
2026-05-11 22:36:16 Checking for update using Github
2026-05-11 22:36:16 Success.
2026-05-11 22:36:16 Latest version is 1.12.7
2026-05-11 22:36:16 App is up to date.
2026-05-12 02:39:59 Loaded main app package /usr/lib/obsidian/obsidian.asar
2026-05-12 02:40:00 Checking for update using Github
2026-05-12 02:40:00 Success.
2026-05-12 02:40:00 Latest version is 1.12.7
2026-05-12 02:40:00 App is up to date.
2026-05-12 03:39:59 Checking for update using Github
2026-05-12 03:40:00 Success.
2026-05-12 03:40:00 Latest version is 1.12.7
2026-05-12 03:40:00 App is up to date.
2026-05-13 00:34:47 Checking for update using Github
2026-05-13 00:34:47 Success.
2026-05-13 00:34:47 Latest version is 1.12.7
2026-05-13 00:34:47 App is up to date.
2026-05-13 01:34:47 Checking for update using Github
2026-05-13 01:34:47 Success.
2026-05-13 01:34:47 Latest version is 1.12.7
2026-05-13 01:34:47 App is up to date.
2026-05-13 02:34:47 Checking for update using Github
2026-05-13 02:34:47 Success.
2026-05-13 02:34:47 Latest version is 1.12.7
2026-05-13 02:34:47 App is up to date.
2026-05-13 03:34:47 Checking for update using Github
2026-05-13 03:34:48 Success.
2026-05-13 03:34:48 Latest version is 1.12.7
2026-05-13 03:34:48 App is up to date.
2026-05-14 02:07:52 Loaded main app package /usr/lib/obsidian/obsidian.asar
2026-05-14 02:07:52 Checking for update using Github
2026-05-14 02:07:52 Success.
2026-05-14 02:07:52 Latest version is 1.12.7
2026-05-14 02:07:52 App is up to date.
2026-05-14 03:07:52 Checking for update using Github
2026-05-14 03:07:52 Success.
2026-05-14 03:07:52 Latest version is 1.12.7
2026-05-14 03:07:52 App is up to date.
2026-05-14 04:07:52 Checking for update using Github
2026-05-14 04:07:52 Success.
2026-05-14 04:07:52 Latest version is 1.12.7
2026-05-14 04:07:52 App is up to date.
2026-05-15 00:29:07 Checking for update using Github
2026-05-15 00:29:08 Success.
2026-05-15 00:29:08 Latest version is 1.12.7
2026-05-15 00:29:08 App is up to date.
2026-05-15 01:29:08 Checking for update using Github
2026-05-15 01:29:08 Success.
2026-05-15 01:29:08 Latest version is 1.12.7
2026-05-15 01:29:08 App is up to date.
2026-05-15 02:29:08 Checking for update using Github
2026-05-15 02:29:08 Success.
2026-05-15 02:29:08 Latest version is 1.12.7
2026-05-15 02:29:08 App is up to date.
2026-05-15 03:29:08 Checking for update using Github
2026-05-15 03:29:09 Success.
2026-05-15 03:29:09 Latest version is 1.12.7
2026-05-15 03:29:09 App is up to date.
2026-05-15 04:23:21 Loaded main app package /usr/lib/obsidian/obsidian.asar
2026-05-15 04:23:21 Checking for update using Github
2026-05-15 04:23:21 Success.
2026-05-15 04:23:21 Latest version is 1.12.7
2026-05-15 04:23:21 App is up to date.
2026-05-15 16:15:53 Loaded main app package /usr/lib/obsidian/obsidian.asar
2026-05-15 16:15:54 Checking for update using Github
2026-05-15 16:15:54 Success.
2026-05-15 16:15:54 Latest version is 1.12.7
2026-05-15 16:15:54 App is up to date.
2026-05-15 16:33:03 Loaded main app package /usr/lib/obsidian/obsidian.asar
2026-05-15 16:33:03 Checking for update using Github
2026-05-15 16:33:03 Success.
2026-05-15 16:33:03 Latest version is 1.12.7
2026-05-15 16:33:03 App is up to date.
2026-05-15 17:33:03 Checking for update using Github
2026-05-15 17:33:03 Success.
2026-05-15 17:33:03 Latest version is 1.12.7
2026-05-15 17:33:03 App is up to date.
2026-05-16 00:50:34 Checking for update using Github
2026-05-16 00:50:34 Success.
2026-05-16 00:50:34 Latest version is 1.12.7
2026-05-16 00:50:34 App is up to date.
2026-05-16 01:50:34 Checking for update using Github
2026-05-16 01:50:34 Success.
2026-05-16 01:50:34 Latest version is 1.12.7
2026-05-16 01:50:34 App is up to date.
2026-05-16 02:50:37 Checking for update using Github
2026-05-16 02:50:37 Success.
2026-05-16 02:50:37 Latest version is 1.12.7
2026-05-16 02:50:37 App is up to date.
2026-05-16 03:50:38 Checking for update using Github
2026-05-16 03:50:38 Success.
2026-05-16 03:50:38 Latest version is 1.12.7
2026-05-16 03:50:38 App is up to date.
2026-05-16 13:08:29 Checking for update using Github
2026-05-16 13:08:29 Success.
2026-05-16 13:08:29 Latest version is 1.12.7
2026-05-16 13:08:29 App is up to date.
2026-05-16 14:08:30 Checking for update using Github
2026-05-16 14:08:30 Success.
2026-05-16 14:08:30 Latest version is 1.12.7
2026-05-16 14:08:30 App is up to date.
2026-05-16 15:08:30 Checking for update using Github
2026-05-16 15:08:30 Success.
2026-05-16 15:08:30 Latest version is 1.12.7
2026-05-16 15:08:30 App is up to date.
2026-05-16 16:08:30 Checking for update using Github
2026-05-16 16:08:30 Success.
2026-05-16 16:08:30 Latest version is 1.12.7
2026-05-16 16:08:30 App is up to date.
2026-05-16 17:08:30 Checking for update using Github
2026-05-16 17:08:30 Success.
2026-05-16 17:08:30 Latest version is 1.12.7
2026-05-16 17:08:30 App is up to date.
2026-05-16 18:08:47 Checking for update using Github
2026-05-16 18:08:47 Success.
2026-05-16 18:08:47 Latest version is 1.12.7
2026-05-16 18:08:47 App is up to date.
2026-05-16 19:08:47 Checking for update using Github
2026-05-16 19:08:47 Success.
2026-05-16 19:08:47 Latest version is 1.12.7
2026-05-16 19:08:47 App is up to date.
2026-05-16 20:08:47 Checking for update using Github
2026-05-16 20:08:47 Success.
2026-05-16 20:08:47 Latest version is 1.12.7
2026-05-16 20:08:47 App is up to date.
2026-05-16 21:08:47 Checking for update using Github
2026-05-16 21:08:47 Success.
2026-05-16 21:08:47 Latest version is 1.12.7
2026-05-16 21:08:47 App is up to date.
2026-05-16 21:44:31 Loaded main app package /usr/lib/obsidian/obsidian.asar
2026-05-16 21:44:32 Checking for update using Github
2026-05-16 21:44:32 Success.
2026-05-16 21:44:32 Latest version is 1.12.7
2026-05-16 21:44:32 App is up to date.
2026-05-16 21:51:08 Loaded main app package /usr/lib/obsidian/obsidian.asar
2026-05-16 21:51:08 Checking for update using Github
2026-05-16 21:51:08 Success.
2026-05-16 21:51:08 Latest version is 1.12.7
2026-05-16 21:51:08 App is up to date.
2026-05-16 21:51:29 Loaded main app package /usr/lib/obsidian/obsidian.asar
2026-05-16 21:51:29 Checking for update using Github
2026-05-16 21:51:29 Success.
2026-05-16 21:51:29 Latest version is 1.12.7
2026-05-16 21:51:29 App is up to date.
2026-05-16 21:53:03 Loaded main app package /usr/lib/obsidian/obsidian.asar
2026-05-16 21:53:03 Checking for update using Github
2026-05-16 21:53:03 Success.
2026-05-16 21:53:03 Latest version is 1.12.7
2026-05-16 21:53:03 App is up to date.
